Sent 'Bye bye for now!' in negativity
Sent 'Bye bye for now!' in negativity
login attmp
resetart
login attmp
And we're back! 720018214448398346 704218896298934317
1
2
undefined Collection(0) [Map] {}
Logged in as BetaBot#3863!
Sent 'Bye bye for now!' in negativity
login attmp
resetart
login attmp
And we're back! 720018214448398346 704218896298934317
1
2
undefined Collection(0) [Map] {}
Logged in as BetaBot#3863!
Sent 'Bye bye for now!' in negativity
login attmp
resetart
login attmp
And we're back! 720018214448398346 704218896298934317
1
2
undefined Collection(0) [Map] {}
Logged in as BetaBot#3863!
Sent 'Bye bye for now!' in negativity
Sent 'Bye bye for now!' in negativity
login attmp
resetart
login attmp
Logged in as BetaBot#3863!
And we're back! 720018214448398346 704218896298934317
1
2
<ref *2> TextChannel {
  type: 'text',
  deleted: false,
  id: '720018214448398346',
  name: 'technolog',
  rawPosition: 11,
  parentID: '704218896298934319',
  permissionOverwrites: Collection(3) [Map] {
    '704218896298934317' => PermissionOverwrites {
      id: '704218896298934317',
      type: 'role',
      deny: [Permissions],
      allow: [Permissions]
    },
    '704221839748235264' => PermissionOverwrites {
      id: '704221839748235264',
      type: 'role',
      deny: [Permissions],
      allow: [Permissions]
    },
    '705220742127681617' => PermissionOverwrites {
      id: '705220742127681617',
      type: 'role',
      deny: [Permissions],
      allow: [Permissions]
    }
  },
  topic: null,
  nsfw: false,
  lastMessageID: '720226520471437365',
  rateLimitPerUser: 0,
  lastPinTimestamp: null,
  guild: <ref *1> Guild {
    members: GuildMemberManager {
      cacheType: [Function: Collection],
      cache: [Collection [Map]],
      guild: [Circular *1]
    },
    channels: GuildChannelManager {
      cacheType: [Function: Collection],
      cache: [Collection [Map]],
      guild: [Circular *1]
    },
    roles: RoleManager {
      cacheType: [Function: Collection],
      cache: [Collection [Map]],
      guild: [Circular *1]
    },
    presences: PresenceManager {
      cacheType: [Function: Collection],
      cache: [Collection [Map]]
    },
    voiceStates: VoiceStateManager {
      cacheType: [Function: Collection],
      cache: Collection(0) [Map] {},
      guild: [Circular *1]
    },
    deleted: false,
    available: true,
    id: '704218896298934317',
    shardID: 0,
    name: 'negativity',
    icon: '08bd9d3cf01f39326453cd8511060442',
    splash: null,
    region: 'us-west',
    memberCount: 9,
    large: false,
    features: [],
    applicationID: null,
    afkTimeout: 300,
    afkChannelID: null,
    systemChannelID: '704218896785211462',
    embedEnabled: undefined,
    premiumTier: 0,
    premiumSubscriptionCount: 0,
    verificationLevel: 'NONE',
    explicitContentFilter: 'DISABLED',
    mfaLevel: 0,
    joinedTimestamp: 1591772000048,
    defaultMessageNotifications: 'ALL',
    systemChannelFlags: SystemChannelFlags { bitfield: 0 },
    vanityURLCode: null,
    description: null,
    banner: null,
    rulesChannelID: null,
    publicUpdatesChannelID: null,
    ownerID: '275443748136157185',
    emojis: GuildEmojiManager {
      cacheType: [Function: Collection],
      cache: [Collection [Map]],
      guild: [Circular *1]
    }
  },
  messages: MessageManager {
    cacheType: [Function: LimitedCollection],
    cache: LimitedCollection(0) [Map] { maxSize: 200 },
    channel: [Circular *2]
  },
  _typing: Map(0) {}
} Collection(15) [Map] {
  '704218896298934319' => CategoryChannel {
    type: 'category',
    deleted: false,
    id: '704218896298934319',
    name: 'Tauhk',
    rawPosition: 1,
    parentID: null,
    permissionOverwrites: Collection(0) [Map] {},
    guild: Guild {
      members: [GuildMemberManager],
      channels: [GuildChannelManager],
      roles: [RoleManager],
      presences: [PresenceManager],
      voiceStates: [VoiceStateManager],
      deleted: false,
      available: true,
      id: '704218896298934317',
      shardID: 0,
      name: 'negativity',
      icon: '08bd9d3cf01f39326453cd8511060442',
      splash: null,
      region: 'us-west',
      memberCount: 9,
      large: false,
      features: [],
      applicationID: null,
      afkTimeout: 300,
      afkChannelID: null,
      systemChannelID: '704218896785211462',
      embedEnabled: undefined,
      premiumTier: 0,
      premiumSubscriptionCount: 0,
      verificationLevel: 'NONE',
      explicitContentFilter: 'DISABLED',
      mfaLevel: 0,
      joinedTimestamp: 1591772000048,
      defaultMessageNotifications: 'ALL',
      systemChannelFlags: [SystemChannelFlags],
      vanityURLCode: null,
      description: null,
      banner: null,
      rulesChannelID: null,
      publicUpdatesChannelID: null,
      ownerID: '275443748136157185',
      emojis: [GuildEmojiManager]
    }
  },
  '704218896298934321' => CategoryChannel {
    type: 'category',
    deleted: false,
    id: '704218896298934321',
    name: 'Speek',
    rawPosition: 2,
    parentID: null,
    permissionOverwrites: Collection(0) [Map] {},
    guild: Guild {
      members: [GuildMemberManager],
      channels: [GuildChannelManager],
      roles: [RoleManager],
      presences: [PresenceManager],
      voiceStates: [VoiceStateManager],
      deleted: false,
      available: true,
      id: '704218896298934317',
      shardID: 0,
      name: 'negativity',
      icon: '08bd9d3cf01f39326453cd8511060442',
      splash: null,
      region: 'us-west',
      memberCount: 9,
      large: false,
      features: [],
      applicationID: null,
      afkTimeout: 300,
      afkChannelID: null,
      systemChannelID: '704218896785211462',
      embedEnabled: undefined,
      premiumTier: 0,
      premiumSubscriptionCount: 0,
      verificationLevel: 'NONE',
      explicitContentFilter: 'DISABLED',
      mfaLevel: 0,
      joinedTimestamp: 1591772000048,
      defaultMessageNotifications: 'ALL',
      systemChannelFlags: [SystemChannelFlags],
      vanityURLCode: null,
      description: null,
      banner: null,
      rulesChannelID: null,
      publicUpdatesChannelID: null,
      ownerID: '275443748136157185',
      emojis: [GuildEmojiManager]
    }
  },
  '704218896785211462' => <ref *1> TextChannel {
    type: 'text',
    deleted: false,
    id: '704218896785211462',
    name: 'general',
    rawPosition: 0,
    parentID: '704218896298934319',
    permissionOverwrites: Collection(0) [Map] {},
    topic: null,
    nsfw: undefined,
    lastMessageID: '720168709943197726',
    rateLimitPerUser: 0,
    lastPinTimestamp: null,
    guild: Guild {
      members: [GuildMemberManager],
      channels: [GuildChannelManager],
      roles: [RoleManager],
      presences: [PresenceManager],
      voiceStates: [VoiceStateManager],
      deleted: false,
      available: true,
      id: '704218896298934317',
      shardID: 0,
      name: 'negativity',
      icon: '08bd9d3cf01f39326453cd8511060442',
      splash: null,
      region: 'us-west',
      memberCount: 9,
      large: false,
      features: [],
      applicationID: null,
      afkTimeout: 300,
      afkChannelID: null,
      systemChannelID: '704218896785211462',
      embedEnabled: undefined,
      premiumTier: 0,
      premiumSubscriptionCount: 0,
      verificationLevel: 'NONE',
      explicitContentFilter: 'DISABLED',
      mfaLevel: 0,
      joinedTimestamp: 1591772000048,
      defaultMessageNotifications: 'ALL',
      systemChannelFlags: [SystemChannelFlags],
      vanityURLCode: null,
      description: null,
      banner: null,
      rulesChannelID: null,
      publicUpdatesChannelID: null,
      ownerID: '275443748136157185',
      emojis: [GuildEmojiManager]
    },
    messages: MessageManager {
      cacheType: [Function: LimitedCollection],
      cache: [LimitedCollection [Map]],
      channel: [Circular *1]
    },
    _typing: Map(0) {}
  },
  '704218896785211463' => VoiceChannel {
    type: 'voice',
    deleted: false,
    id: '704218896785211463',
    name: 'Feathered Maroon Bois',
    rawPosition: 1,
    parentID: '704218896298934321',
    permissionOverwrites: Collection(2) [Map] {
      '704218896298934317' => [PermissionOverwrites],
      '704221839748235264' => [PermissionOverwrites]
    },
    bitrate: 64000,
    userLimit: 0,
    guild: Guild {
      members: [GuildMemberManager],
      channels: [GuildChannelManager],
      roles: [RoleManager],
      presences: [PresenceManager],
      voiceStates: [VoiceStateManager],
      deleted: false,
      available: true,
      id: '704218896298934317',
      shardID: 0,
      name: 'negativity',
      icon: '08bd9d3cf01f39326453cd8511060442',
      splash: null,
      region: 'us-west',
      memberCount: 9,
      large: false,
      features: [],
      applicationID: null,
      afkTimeout: 300,
      afkChannelID: null,
      systemChannelID: '704218896785211462',
      embedEnabled: undefined,
      premiumTier: 0,
      premiumSubscriptionCount: 0,
      verificationLevel: 'NONE',
      explicitContentFilter: 'DISABLED',
      mfaLevel: 0,
      joinedTimestamp: 1591772000048,
      defaultMessageNotifications: 'ALL',
      systemChannelFlags: [SystemChannelFlags],
      vanityURLCode: null,
      description: null,
      banner: null,
      rulesChannelID: null,
      publicUpdatesChannelID: null,
      ownerID: '275443748136157185',
      emojis: [GuildEmojiManager]
    }
  },
  '704222180296097866' => <ref *2> TextChannel {
    type: 'text',
    deleted: false,
    id: '704222180296097866',
    name: 'nerds',
    rawPosition: 1,
    parentID: '704218896298934319',
    permissionOverwrites: Collection(2) [Map] {
      '704218896298934317' => [PermissionOverwrites],
      '704221839748235264' => [PermissionOverwrites]
    },
    topic: 'the people who go to the school',
    nsfw: undefined,
    lastMessageID: '713220535840145488',
    rateLimitPerUser: 0,
    lastPinTimestamp: null,
    guild: Guild {
      members: [GuildMemberManager],
      channels: [GuildChannelManager],
      roles: [RoleManager],
      presences: [PresenceManager],
      voiceStates: [VoiceStateManager],
      deleted: false,
      available: true,
      id: '704218896298934317',
      shardID: 0,
      name: 'negativity',
      icon: '08bd9d3cf01f39326453cd8511060442',
      splash: null,
      region: 'us-west',
      memberCount: 9,
      large: false,
      features: [],
      applicationID: null,
      afkTimeout: 300,
      afkChannelID: null,
      systemChannelID: '704218896785211462',
      embedEnabled: undefined,
      premiumTier: 0,
      premiumSubscriptionCount: 0,
      verificationLevel: 'NONE',
      explicitContentFilter: 'DISABLED',
      mfaLevel: 0,
      joinedTimestamp: 1591772000048,
      defaultMessageNotifications: 'ALL',
      systemChannelFlags: [SystemChannelFlags],
      vanityURLCode: null,
      description: null,
      banner: null,
      rulesChannelID: null,
      publicUpdatesChannelID: null,
      ownerID: '275443748136157185',
      emojis: [GuildEmojiManager]
    },
    messages: MessageManager {
      cacheType: [Function: LimitedCollection],
      cache: [LimitedCollection [Map]],
      channel: [Circular *2]
    },
    _typing: Map(0) {}
  },
  '704222378087022622' => <ref *3> TextChannel {
    type: 'text',
    deleted: false,
    id: '704222378087022622',
    name: 'mmes',
    rawPosition: 2,
    parentID: '704218896298934319',
    permissionOverwrites: Collection(2) [Map] {
      '704218896298934317' => [PermissionOverwrites],
      '704221839748235264' => [PermissionOverwrites]
    },
    topic: 'fresh and spicy only',
    nsfw: undefined,
    lastMessageID: '710025672591933461',
    rateLimitPerUser: 0,
    lastPinTimestamp: 1587974642454,
    guild: Guild {
      members: [GuildMemberManager],
      channels: [GuildChannelManager],
      roles: [RoleManager],
      presences: [PresenceManager],
      voiceStates: [VoiceStateManager],
      deleted: false,
      available: true,
      id: '704218896298934317',
      shardID: 0,
      name: 'negativity',
      icon: '08bd9d3cf01f39326453cd8511060442',
      splash: null,
      region: 'us-west',
      memberCount: 9,
      large: false,
      features: [],
      applicationID: null,
      afkTimeout: 300,
      afkChannelID: null,
      systemChannelID: '704218896785211462',
      embedEnabled: undefined,
      premiumTier: 0,
      premiumSubscriptionCount: 0,
      verificationLevel: 'NONE',
      explicitContentFilter: 'DISABLED',
      mfaLevel: 0,
      joinedTimestamp: 1591772000048,
      defaultMessageNotifications: 'ALL',
      systemChannelFlags: [SystemChannelFlags],
      vanityURLCode: null,
      description: null,
      banner: null,
      rulesChannelID: null,
      publicUpdatesChannelID: null,
      ownerID: '275443748136157185',
      emojis: [GuildEmojiManager]
    },
    messages: MessageManager {
      cacheType: [Function: LimitedCollection],
      cache: [LimitedCollection [Map]],
      channel: [Circular *3]
    },
    _typing: Map(0) {}
  },
  '704226269058957333' => <ref *4> TextChannel {
    type: 'text',
    deleted: false,
    id: '704226269058957333',
    name: 'gamers',
    rawPosition: 3,
    parentID: '704218896298934319',
    permissionOverwrites: Collection(3) [Map] {
      '704218896298934317' => [PermissionOverwrites],
      '704221839748235264' => [PermissionOverwrites],
      '704236128282214422' => [PermissionOverwrites]
    },
    topic: null,
    nsfw: undefined,
    lastMessageID: '717128144322166824',
    rateLimitPerUser: 0,
    lastPinTimestamp: null,
    guild: Guild {
      members: [GuildMemberManager],
      channels: [GuildChannelManager],
      roles: [RoleManager],
      presences: [PresenceManager],
      voiceStates: [VoiceStateManager],
      deleted: false,
      available: true,
      id: '704218896298934317',
      shardID: 0,
      name: 'negativity',
      icon: '08bd9d3cf01f39326453cd8511060442',
      splash: null,
      region: 'us-west',
      memberCount: 9,
      large: false,
      features: [],
      applicationID: null,
      afkTimeout: 300,
      afkChannelID: null,
      systemChannelID: '704218896785211462',
      embedEnabled: undefined,
      premiumTier: 0,
      premiumSubscriptionCount: 0,
      verificationLevel: 'NONE',
      explicitContentFilter: 'DISABLED',
      mfaLevel: 0,
      joinedTimestamp: 1591772000048,
      defaultMessageNotifications: 'ALL',
      systemChannelFlags: [SystemChannelFlags],
      vanityURLCode: null,
      description: null,
      banner: null,
      rulesChannelID: null,
      publicUpdatesChannelID: null,
      ownerID: '275443748136157185',
      emojis: [GuildEmojiManager]
    },
    messages: MessageManager {
      cacheType: [Function: LimitedCollection],
      cache: [LimitedCollection [Map]],
      channel: [Circular *4]
    },
    _typing: Map(0) {}
  },
  '704571395450994708' => <ref *5> TextChannel {
    type: 'text',
    deleted: false,
    id: '704571395450994708',
    name: 'bird-text',
    rawPosition: 5,
    parentID: '704218896298934321',
    permissionOverwrites: Collection(2) [Map] {
      '704218896298934317' => [PermissionOverwrites],
      '704221839748235264' => [PermissionOverwrites]
    },
    topic: 'For messages while on call',
    nsfw: false,
    lastMessageID: '713623216240853063',
    rateLimitPerUser: 0,
    lastPinTimestamp: null,
    guild: Guild {
      members: [GuildMemberManager],
      channels: [GuildChannelManager],
      roles: [RoleManager],
      presences: [PresenceManager],
      voiceStates: [VoiceStateManager],
      deleted: false,
      available: true,
      id: '704218896298934317',
      shardID: 0,
      name: 'negativity',
      icon: '08bd9d3cf01f39326453cd8511060442',
      splash: null,
      region: 'us-west',
      memberCount: 9,
      large: false,
      features: [],
      applicationID: null,
      afkTimeout: 300,
      afkChannelID: null,
      systemChannelID: '704218896785211462',
      embedEnabled: undefined,
      premiumTier: 0,
      premiumSubscriptionCount: 0,
      verificationLevel: 'NONE',
      explicitContentFilter: 'DISABLED',
      mfaLevel: 0,
      joinedTimestamp: 1591772000048,
      defaultMessageNotifications: 'ALL',
      systemChannelFlags: [SystemChannelFlags],
      vanityURLCode: null,
      description: null,
      banner: null,
      rulesChannelID: null,
      publicUpdatesChannelID: null,
      ownerID: '275443748136157185',
      emojis: [GuildEmojiManager]
    },
    messages: MessageManager {
      cacheType: [Function: LimitedCollection],
      cache: [LimitedCollection [Map]],
      channel: [Circular *5]
    },
    _typing: Map(0) {}
  },
  '704880423968309308' => VoiceChannel {
    type: 'voice',
    deleted: false,
    id: '704880423968309308',
    name: 'Movie Night',
    rawPosition: 2,
    parentID: '704218896298934321',
    permissionOverwrites: Collection(2) [Map] {
      '704218896298934317' => [PermissionOverwrites],
      '704221839748235264' => [PermissionOverwrites]
    },
    bitrate: 64000,
    userLimit: 0,
    guild: Guild {
      members: [GuildMemberManager],
      channels: [GuildChannelManager],
      roles: [RoleManager],
      presences: [PresenceManager],
      voiceStates: [VoiceStateManager],
      deleted: false,
      available: true,
      id: '704218896298934317',
      shardID: 0,
      name: 'negativity',
      icon: '08bd9d3cf01f39326453cd8511060442',
      splash: null,
      region: 'us-west',
      memberCount: 9,
      large: false,
      features: [],
      applicationID: null,
      afkTimeout: 300,
      afkChannelID: null,
      systemChannelID: '704218896785211462',
      embedEnabled: undefined,
      premiumTier: 0,
      premiumSubscriptionCount: 0,
      verificationLevel: 'NONE',
      explicitContentFilter: 'DISABLED',
      mfaLevel: 0,
      joinedTimestamp: 1591772000048,
      defaultMessageNotifications: 'ALL',
      systemChannelFlags: [SystemChannelFlags],
      vanityURLCode: null,
      description: null,
      banner: null,
      rulesChannelID: null,
      publicUpdatesChannelID: null,
      ownerID: '275443748136157185',
      emojis: [GuildEmojiManager]
    }
  },
  '704884580406132837' => CategoryChannel {
    type: 'category',
    deleted: false,
    id: '704884580406132837',
    name: 'Reed',
    rawPosition: 0,
    parentID: null,
    permissionOverwrites: Collection(0) [Map] {},
    guild: Guild {
      members: [GuildMemberManager],
      channels: [GuildChannelManager],
      roles: [RoleManager],
      presences: [PresenceManager],
      voiceStates: [VoiceStateManager],
      deleted: false,
      available: true,
      id: '704218896298934317',
      shardID: 0,
      name: 'negativity',
      icon: '08bd9d3cf01f39326453cd8511060442',
      splash: null,
      region: 'us-west',
      memberCount: 9,
      large: false,
      features: [],
      applicationID: null,
      afkTimeout: 300,
      afkChannelID: null,
      systemChannelID: '704218896785211462',
      embedEnabled: undefined,
      premiumTier: 0,
      premiumSubscriptionCount: 0,
      verificationLevel: 'NONE',
      explicitContentFilter: 'DISABLED',
      mfaLevel: 0,
      joinedTimestamp: 1591772000048,
      defaultMessageNotifications: 'ALL',
      systemChannelFlags: [SystemChannelFlags],
      vanityURLCode: null,
      description: null,
      banner: null,
      rulesChannelID: null,
      publicUpdatesChannelID: null,
      ownerID: '275443748136157185',
      emojis: [GuildEmojiManager]
    }
  },
  '704884816486727681' => <ref *6> TextChannel {
    type: 'text',
    deleted: false,
    id: '704884816486727681',
    name: 'whelcom',
    rawPosition: 6,
    parentID: '704884580406132837',
    permissionOverwrites: Collection(3) [Map] {
      '704218896298934317' => [PermissionOverwrites],
      '704221839748235264' => [PermissionOverwrites],
      '704237075607584848' => [PermissionOverwrites]
    },
    topic: 'What am I doing here?',
    nsfw: false,
    lastMessageID: '704932947173703711',
    rateLimitPerUser: 0,
    lastPinTimestamp: null,
    guild: Guild {
      members: [GuildMemberManager],
      channels: [GuildChannelManager],
      roles: [RoleManager],
      presences: [PresenceManager],
      voiceStates: [VoiceStateManager],
      deleted: false,
      available: true,
      id: '704218896298934317',
      shardID: 0,
      name: 'negativity',
      icon: '08bd9d3cf01f39326453cd8511060442',
      splash: null,
      region: 'us-west',
      memberCount: 9,
      large: false,
      features: [],
      applicationID: null,
      afkTimeout: 300,
      afkChannelID: null,
      systemChannelID: '704218896785211462',
      embedEnabled: undefined,
      premiumTier: 0,
      premiumSubscriptionCount: 0,
      verificationLevel: 'NONE',
      explicitContentFilter: 'DISABLED',
      mfaLevel: 0,
      joinedTimestamp: 1591772000048,
      defaultMessageNotifications: 'ALL',
      systemChannelFlags: [SystemChannelFlags],
      vanityURLCode: null,
      description: null,
      banner: null,
      rulesChannelID: null,
      publicUpdatesChannelID: null,
      ownerID: '275443748136157185',
      emojis: [GuildEmojiManager]
    },
    messages: MessageManager {
      cacheType: [Function: LimitedCollection],
      cache: [LimitedCollection [Map]],
      channel: [Circular *6]
    },
    _typing: Map(0) {}
  },
  '704885082124714034' => <ref *7> TextChannel {
    type: 'text',
    deleted: false,
    id: '704885082124714034',
    name: 'announcements',
    rawPosition: 8,
    parentID: '704884580406132837',
    permissionOverwrites: Collection(0) [Map] {},
    topic: null,
    nsfw: false,
    lastMessageID: '708555326965809202',
    rateLimitPerUser: 0,
    lastPinTimestamp: null,
    guild: Guild {
      members: [GuildMemberManager],
      channels: [GuildChannelManager],
      roles: [RoleManager],
      presences: [PresenceManager],
      voiceStates: [VoiceStateManager],
      deleted: false,
      available: true,
      id: '704218896298934317',
      shardID: 0,
      name: 'negativity',
      icon: '08bd9d3cf01f39326453cd8511060442',
      splash: null,
      region: 'us-west',
      memberCount: 9,
      large: false,
      features: [],
      applicationID: null,
      afkTimeout: 300,
      afkChannelID: null,
      systemChannelID: '704218896785211462',
      embedEnabled: undefined,
      premiumTier: 0,
      premiumSubscriptionCount: 0,
      verificationLevel: 'NONE',
      explicitContentFilter: 'DISABLED',
      mfaLevel: 0,
      joinedTimestamp: 1591772000048,
      defaultMessageNotifications: 'ALL',
      systemChannelFlags: [SystemChannelFlags],
      vanityURLCode: null,
      description: null,
      banner: null,
      rulesChannelID: null,
      publicUpdatesChannelID: null,
      ownerID: '275443748136157185',
      emojis: [GuildEmojiManager]
    },
    messages: MessageManager {
      cacheType: [Function: LimitedCollection],
      cache: [LimitedCollection [Map]],
      channel: [Circular *7]
    },
    _typing: Map(0) {}
  },
  '704887135483854858' => <ref *8> TextChannel {
    type: 'text',
    deleted: false,
    id: '704887135483854858',
    name: 'movie-text',
    rawPosition: 9,
    parentID: '704218896298934321',
    permissionOverwrites: Collection(2) [Map] {
      '704218896298934317' => [PermissionOverwrites],
      '704221839748235264' => [PermissionOverwrites]
    },
    topic: '',
    nsfw: false,
    lastMessageID: '708626378186162177',
    rateLimitPerUser: 0,
    lastPinTimestamp: null,
    guild: Guild {
      members: [GuildMemberManager],
      channels: [GuildChannelManager],
      roles: [RoleManager],
      presences: [PresenceManager],
      voiceStates: [VoiceStateManager],
      deleted: false,
      available: true,
      id: '704218896298934317',
      shardID: 0,
      name: 'negativity',
      icon: '08bd9d3cf01f39326453cd8511060442',
      splash: null,
      region: 'us-west',
      memberCount: 9,
      large: false,
      features: [],
      applicationID: null,
      afkTimeout: 300,
      afkChannelID: null,
      systemChannelID: '704218896785211462',
      embedEnabled: undefined,
      premiumTier: 0,
      premiumSubscriptionCount: 0,
      verificationLevel: 'NONE',
      explicitContentFilter: 'DISABLED',
      mfaLevel: 0,
      joinedTimestamp: 1591772000048,
      defaultMessageNotifications: 'ALL',
      systemChannelFlags: [SystemChannelFlags],
      vanityURLCode: null,
      description: null,
      banner: null,
      rulesChannelID: null,
      publicUpdatesChannelID: null,
      ownerID: '275443748136157185',
      emojis: [GuildEmojiManager]
    },
    messages: MessageManager {
      cacheType: [Function: LimitedCollection],
      cache: [LimitedCollection [Map]],
      channel: [Circular *8]
    },
    _typing: Map(0) {}
  },
  '705220320155664416' => <ref *9> TextChannel {
    type: 'text',
    deleted: false,
    id: '705220320155664416',
    name: 'vote',
    rawPosition: 10,
    parentID: '704884580406132837',
    permissionOverwrites: Collection(3) [Map] {
      '704218896298934317' => [PermissionOverwrites],
      '704221839748235264' => [PermissionOverwrites],
      '704237075607584848' => [PermissionOverwrites]
    },
    topic: null,
    nsfw: false,
    lastMessageID: null,
    rateLimitPerUser: 0,
    lastPinTimestamp: null,
    guild: Guild {
      members: [GuildMemberManager],
      channels: [GuildChannelManager],
      roles: [RoleManager],
      presences: [PresenceManager],
      voiceStates: [VoiceStateManager],
      deleted: false,
      available: true,
      id: '704218896298934317',
      shardID: 0,
      name: 'negativity',
      icon: '08bd9d3cf01f39326453cd8511060442',
      splash: null,
      region: 'us-west',
      memberCount: 9,
      large: false,
      features: [],
      applicationID: null,
      afkTimeout: 300,
      afkChannelID: null,
      systemChannelID: '704218896785211462',
      embedEnabled: undefined,
      premiumTier: 0,
      premiumSubscriptionCount: 0,
      verificationLevel: 'NONE',
      explicitContentFilter: 'DISABLED',
      mfaLevel: 0,
      joinedTimestamp: 1591772000048,
      defaultMessageNotifications: 'ALL',
      systemChannelFlags: [SystemChannelFlags],
      vanityURLCode: null,
      description: null,
      banner: null,
      rulesChannelID: null,
      publicUpdatesChannelID: null,
      ownerID: '275443748136157185',
      emojis: [GuildEmojiManager]
    },
    messages: MessageManager {
      cacheType: [Function: LimitedCollection],
      cache: [LimitedCollection [Map]],
      channel: [Circular *9]
    },
    _typing: Map(0) {}
  },
  '720018214448398346' => <ref *10> TextChannel {
    type: 'text',
    deleted: false,
    id: '720018214448398346',
    name: 'technolog',
    rawPosition: 11,
    parentID: '704218896298934319',
    permissionOverwrites: Collection(3) [Map] {
      '704218896298934317' => [PermissionOverwrites],
      '704221839748235264' => [PermissionOverwrites],
      '705220742127681617' => [PermissionOverwrites]
    },
    topic: null,
    nsfw: false,
    lastMessageID: '720226520471437365',
    rateLimitPerUser: 0,
    lastPinTimestamp: null,
    guild: Guild {
      members: [GuildMemberManager],
      channels: [GuildChannelManager],
      roles: [RoleManager],
      presences: [PresenceManager],
      voiceStates: [VoiceStateManager],
      deleted: false,
      available: true,
      id: '704218896298934317',
      shardID: 0,
      name: 'negativity',
      icon: '08bd9d3cf01f39326453cd8511060442',
      splash: null,
      region: 'us-west',
      memberCount: 9,
      large: false,
      features: [],
      applicationID: null,
      afkTimeout: 300,
      afkChannelID: null,
      systemChannelID: '704218896785211462',
      embedEnabled: undefined,
      premiumTier: 0,
      premiumSubscriptionCount: 0,
      verificationLevel: 'NONE',
      explicitContentFilter: 'DISABLED',
      mfaLevel: 0,
      joinedTimestamp: 1591772000048,
      defaultMessageNotifications: 'ALL',
      systemChannelFlags: [SystemChannelFlags],
      vanityURLCode: null,
      description: null,
      banner: null,
      rulesChannelID: null,
      publicUpdatesChannelID: null,
      ownerID: '275443748136157185',
      emojis: [GuildEmojiManager]
    },
    messages: MessageManager {
      cacheType: [Function: LimitedCollection],
      cache: [LimitedCollection [Map]],
      channel: [Circular *10]
    },
    _typing: Map(0) {}
  }
}
3
Sent 'And we're back!' in negativity
Sent 'Bye bye for now!' in negativity
login attmp
resetart
login attmp
Logged in as BetaBot#3863!
And we're back! 720018214448398346 704218896298934317
1
2
<ref *2> TextChannel {
  type: 'text',
  deleted: false,
  id: '720018214448398346',
  name: 'technolog',
  rawPosition: 11,
  parentID: '704218896298934319',
  permissionOverwrites: Collection(3) [Map] {
    '704218896298934317' => PermissionOverwrites {
      id: '704218896298934317',
      type: 'role',
      deny: [Permissions],
      allow: [Permissions]
    },
    '704221839748235264' => PermissionOverwrites {
      id: '704221839748235264',
      type: 'role',
      deny: [Permissions],
      allow: [Permissions]
    },
    '705220742127681617' => PermissionOverwrites {
      id: '705220742127681617',
      type: 'role',
      deny: [Permissions],
      allow: [Permissions]
    }
  },
  topic: null,
  nsfw: false,
  lastMessageID: '720226558819827804',
  rateLimitPerUser: 0,
  lastPinTimestamp: null,
  guild: <ref *1> Guild {
    members: GuildMemberManager {
      cacheType: [Function: Collection],
      cache: [Collection [Map]],
      guild: [Circular *1]
    },
    channels: GuildChannelManager {
      cacheType: [Function: Collection],
      cache: [Collection [Map]],
      guild: [Circular *1]
    },
    roles: RoleManager {
      cacheType: [Function: Collection],
      cache: [Collection [Map]],
      guild: [Circular *1]
    },
    presences: PresenceManager {
      cacheType: [Function: Collection],
      cache: [Collection [Map]]
    },
    voiceStates: VoiceStateManager {
      cacheType: [Function: Collection],
      cache: Collection(0) [Map] {},
      guild: [Circular *1]
    },
    deleted: false,
    available: true,
    id: '704218896298934317',
    shardID: 0,
    name: 'negativity',
    icon: '08bd9d3cf01f39326453cd8511060442',
    splash: null,
    region: 'us-west',
    memberCount: 9,
    large: false,
    features: [],
    applicationID: null,
    afkTimeout: 300,
    afkChannelID: null,
    systemChannelID: '704218896785211462',
    embedEnabled: undefined,
    premiumTier: 0,
    premiumSubscriptionCount: 0,
    verificationLevel: 'NONE',
    explicitContentFilter: 'DISABLED',
    mfaLevel: 0,
    joinedTimestamp: 1591772000048,
    defaultMessageNotifications: 'ALL',
    systemChannelFlags: SystemChannelFlags { bitfield: 0 },
    vanityURLCode: null,
    description: null,
    banner: null,
    rulesChannelID: null,
    publicUpdatesChannelID: null,
    ownerID: '275443748136157185',
    emojis: GuildEmojiManager {
      cacheType: [Function: Collection],
      cache: [Collection [Map]],
      guild: [Circular *1]
    }
  },
  messages: MessageManager {
    cacheType: [Function: LimitedCollection],
    cache: LimitedCollection(0) [Map] { maxSize: 200 },
    channel: [Circular *2]
  },
  _typing: Map(0) {}
} Collection(15) [Map] {
  '704218896298934319' => CategoryChannel {
    type: 'category',
    deleted: false,
    id: '704218896298934319',
    name: 'Tauhk',
    rawPosition: 1,
    parentID: null,
    permissionOverwrites: Collection(0) [Map] {},
    guild: Guild {
      members: [GuildMemberManager],
      channels: [GuildChannelManager],
      roles: [RoleManager],
      presences: [PresenceManager],
      voiceStates: [VoiceStateManager],
      deleted: false,
      available: true,
      id: '704218896298934317',
      shardID: 0,
      name: 'negativity',
      icon: '08bd9d3cf01f39326453cd8511060442',
      splash: null,
      region: 'us-west',
      memberCount: 9,
      large: false,
      features: [],
      applicationID: null,
      afkTimeout: 300,
      afkChannelID: null,
      systemChannelID: '704218896785211462',
      embedEnabled: undefined,
      premiumTier: 0,
      premiumSubscriptionCount: 0,
      verificationLevel: 'NONE',
      explicitContentFilter: 'DISABLED',
      mfaLevel: 0,
      joinedTimestamp: 1591772000048,
      defaultMessageNotifications: 'ALL',
      systemChannelFlags: [SystemChannelFlags],
      vanityURLCode: null,
      description: null,
      banner: null,
      rulesChannelID: null,
      publicUpdatesChannelID: null,
      ownerID: '275443748136157185',
      emojis: [GuildEmojiManager]
    }
  },
  '704218896298934321' => CategoryChannel {
    type: 'category',
    deleted: false,
    id: '704218896298934321',
    name: 'Speek',
    rawPosition: 2,
    parentID: null,
    permissionOverwrites: Collection(0) [Map] {},
    guild: Guild {
      members: [GuildMemberManager],
      channels: [GuildChannelManager],
      roles: [RoleManager],
      presences: [PresenceManager],
      voiceStates: [VoiceStateManager],
      deleted: false,
      available: true,
      id: '704218896298934317',
      shardID: 0,
      name: 'negativity',
      icon: '08bd9d3cf01f39326453cd8511060442',
      splash: null,
      region: 'us-west',
      memberCount: 9,
      large: false,
      features: [],
      applicationID: null,
      afkTimeout: 300,
      afkChannelID: null,
      systemChannelID: '704218896785211462',
      embedEnabled: undefined,
      premiumTier: 0,
      premiumSubscriptionCount: 0,
      verificationLevel: 'NONE',
      explicitContentFilter: 'DISABLED',
      mfaLevel: 0,
      joinedTimestamp: 1591772000048,
      defaultMessageNotifications: 'ALL',
      systemChannelFlags: [SystemChannelFlags],
      vanityURLCode: null,
      description: null,
      banner: null,
      rulesChannelID: null,
      publicUpdatesChannelID: null,
      ownerID: '275443748136157185',
      emojis: [GuildEmojiManager]
    }
  },
  '704218896785211462' => <ref *1> TextChannel {
    type: 'text',
    deleted: false,
    id: '704218896785211462',
    name: 'general',
    rawPosition: 0,
    parentID: '704218896298934319',
    permissionOverwrites: Collection(0) [Map] {},
    topic: null,
    nsfw: undefined,
    lastMessageID: '720168709943197726',
    rateLimitPerUser: 0,
    lastPinTimestamp: null,
    guild: Guild {
      members: [GuildMemberManager],
      channels: [GuildChannelManager],
      roles: [RoleManager],
      presences: [PresenceManager],
      voiceStates: [VoiceStateManager],
      deleted: false,
      available: true,
      id: '704218896298934317',
      shardID: 0,
      name: 'negativity',
      icon: '08bd9d3cf01f39326453cd8511060442',
      splash: null,
      region: 'us-west',
      memberCount: 9,
      large: false,
      features: [],
      applicationID: null,
      afkTimeout: 300,
      afkChannelID: null,
      systemChannelID: '704218896785211462',
      embedEnabled: undefined,
      premiumTier: 0,
      premiumSubscriptionCount: 0,
      verificationLevel: 'NONE',
      explicitContentFilter: 'DISABLED',
      mfaLevel: 0,
      joinedTimestamp: 1591772000048,
      defaultMessageNotifications: 'ALL',
      systemChannelFlags: [SystemChannelFlags],
      vanityURLCode: null,
      description: null,
      banner: null,
      rulesChannelID: null,
      publicUpdatesChannelID: null,
      ownerID: '275443748136157185',
      emojis: [GuildEmojiManager]
    },
    messages: MessageManager {
      cacheType: [Function: LimitedCollection],
      cache: [LimitedCollection [Map]],
      channel: [Circular *1]
    },
    _typing: Map(0) {}
  },
  '704218896785211463' => VoiceChannel {
    type: 'voice',
    deleted: false,
    id: '704218896785211463',
    name: 'Feathered Maroon Bois',
    rawPosition: 1,
    parentID: '704218896298934321',
    permissionOverwrites: Collection(2) [Map] {
      '704218896298934317' => [PermissionOverwrites],
      '704221839748235264' => [PermissionOverwrites]
    },
    bitrate: 64000,
    userLimit: 0,
    guild: Guild {
      members: [GuildMemberManager],
      channels: [GuildChannelManager],
      roles: [RoleManager],
      presences: [PresenceManager],
      voiceStates: [VoiceStateManager],
      deleted: false,
      available: true,
      id: '704218896298934317',
      shardID: 0,
      name: 'negativity',
      icon: '08bd9d3cf01f39326453cd8511060442',
      splash: null,
      region: 'us-west',
      memberCount: 9,
      large: false,
      features: [],
      applicationID: null,
      afkTimeout: 300,
      afkChannelID: null,
      systemChannelID: '704218896785211462',
      embedEnabled: undefined,
      premiumTier: 0,
      premiumSubscriptionCount: 0,
      verificationLevel: 'NONE',
      explicitContentFilter: 'DISABLED',
      mfaLevel: 0,
      joinedTimestamp: 1591772000048,
      defaultMessageNotifications: 'ALL',
      systemChannelFlags: [SystemChannelFlags],
      vanityURLCode: null,
      description: null,
      banner: null,
      rulesChannelID: null,
      publicUpdatesChannelID: null,
      ownerID: '275443748136157185',
      emojis: [GuildEmojiManager]
    }
  },
  '704222180296097866' => <ref *2> TextChannel {
    type: 'text',
    deleted: false,
    id: '704222180296097866',
    name: 'nerds',
    rawPosition: 1,
    parentID: '704218896298934319',
    permissionOverwrites: Collection(2) [Map] {
      '704218896298934317' => [PermissionOverwrites],
      '704221839748235264' => [PermissionOverwrites]
    },
    topic: 'the people who go to the school',
    nsfw: undefined,
    lastMessageID: '713220535840145488',
    rateLimitPerUser: 0,
    lastPinTimestamp: null,
    guild: Guild {
      members: [GuildMemberManager],
      channels: [GuildChannelManager],
      roles: [RoleManager],
      presences: [PresenceManager],
      voiceStates: [VoiceStateManager],
      deleted: false,
      available: true,
      id: '704218896298934317',
      shardID: 0,
      name: 'negativity',
      icon: '08bd9d3cf01f39326453cd8511060442',
      splash: null,
      region: 'us-west',
      memberCount: 9,
      large: false,
      features: [],
      applicationID: null,
      afkTimeout: 300,
      afkChannelID: null,
      systemChannelID: '704218896785211462',
      embedEnabled: undefined,
      premiumTier: 0,
      premiumSubscriptionCount: 0,
      verificationLevel: 'NONE',
      explicitContentFilter: 'DISABLED',
      mfaLevel: 0,
      joinedTimestamp: 1591772000048,
      defaultMessageNotifications: 'ALL',
      systemChannelFlags: [SystemChannelFlags],
      vanityURLCode: null,
      description: null,
      banner: null,
      rulesChannelID: null,
      publicUpdatesChannelID: null,
      ownerID: '275443748136157185',
      emojis: [GuildEmojiManager]
    },
    messages: MessageManager {
      cacheType: [Function: LimitedCollection],
      cache: [LimitedCollection [Map]],
      channel: [Circular *2]
    },
    _typing: Map(0) {}
  },
  '704222378087022622' => <ref *3> TextChannel {
    type: 'text',
    deleted: false,
    id: '704222378087022622',
    name: 'mmes',
    rawPosition: 2,
    parentID: '704218896298934319',
    permissionOverwrites: Collection(2) [Map] {
      '704218896298934317' => [PermissionOverwrites],
      '704221839748235264' => [PermissionOverwrites]
    },
    topic: 'fresh and spicy only',
    nsfw: undefined,
    lastMessageID: '710025672591933461',
    rateLimitPerUser: 0,
    lastPinTimestamp: 1587974642454,
    guild: Guild {
      members: [GuildMemberManager],
      channels: [GuildChannelManager],
      roles: [RoleManager],
      presences: [PresenceManager],
      voiceStates: [VoiceStateManager],
      deleted: false,
      available: true,
      id: '704218896298934317',
      shardID: 0,
      name: 'negativity',
      icon: '08bd9d3cf01f39326453cd8511060442',
      splash: null,
      region: 'us-west',
      memberCount: 9,
      large: false,
      features: [],
      applicationID: null,
      afkTimeout: 300,
      afkChannelID: null,
      systemChannelID: '704218896785211462',
      embedEnabled: undefined,
      premiumTier: 0,
      premiumSubscriptionCount: 0,
      verificationLevel: 'NONE',
      explicitContentFilter: 'DISABLED',
      mfaLevel: 0,
      joinedTimestamp: 1591772000048,
      defaultMessageNotifications: 'ALL',
      systemChannelFlags: [SystemChannelFlags],
      vanityURLCode: null,
      description: null,
      banner: null,
      rulesChannelID: null,
      publicUpdatesChannelID: null,
      ownerID: '275443748136157185',
      emojis: [GuildEmojiManager]
    },
    messages: MessageManager {
      cacheType: [Function: LimitedCollection],
      cache: [LimitedCollection [Map]],
      channel: [Circular *3]
    },
    _typing: Map(0) {}
  },
  '704226269058957333' => <ref *4> TextChannel {
    type: 'text',
    deleted: false,
    id: '704226269058957333',
    name: 'gamers',
    rawPosition: 3,
    parentID: '704218896298934319',
    permissionOverwrites: Collection(3) [Map] {
      '704218896298934317' => [PermissionOverwrites],
      '704221839748235264' => [PermissionOverwrites],
      '704236128282214422' => [PermissionOverwrites]
    },
    topic: null,
    nsfw: undefined,
    lastMessageID: '717128144322166824',
    rateLimitPerUser: 0,
    lastPinTimestamp: null,
    guild: Guild {
      members: [GuildMemberManager],
      channels: [GuildChannelManager],
      roles: [RoleManager],
      presences: [PresenceManager],
      voiceStates: [VoiceStateManager],
      deleted: false,
      available: true,
      id: '704218896298934317',
      shardID: 0,
      name: 'negativity',
      icon: '08bd9d3cf01f39326453cd8511060442',
      splash: null,
      region: 'us-west',
      memberCount: 9,
      large: false,
      features: [],
      applicationID: null,
      afkTimeout: 300,
      afkChannelID: null,
      systemChannelID: '704218896785211462',
      embedEnabled: undefined,
      premiumTier: 0,
      premiumSubscriptionCount: 0,
      verificationLevel: 'NONE',
      explicitContentFilter: 'DISABLED',
      mfaLevel: 0,
      joinedTimestamp: 1591772000048,
      defaultMessageNotifications: 'ALL',
      systemChannelFlags: [SystemChannelFlags],
      vanityURLCode: null,
      description: null,
      banner: null,
      rulesChannelID: null,
      publicUpdatesChannelID: null,
      ownerID: '275443748136157185',
      emojis: [GuildEmojiManager]
    },
    messages: MessageManager {
      cacheType: [Function: LimitedCollection],
      cache: [LimitedCollection [Map]],
      channel: [Circular *4]
    },
    _typing: Map(0) {}
  },
  '704571395450994708' => <ref *5> TextChannel {
    type: 'text',
    deleted: false,
    id: '704571395450994708',
    name: 'bird-text',
    rawPosition: 5,
    parentID: '704218896298934321',
    permissionOverwrites: Collection(2) [Map] {
      '704218896298934317' => [PermissionOverwrites],
      '704221839748235264' => [PermissionOverwrites]
    },
    topic: 'For messages while on call',
    nsfw: false,
    lastMessageID: '713623216240853063',
    rateLimitPerUser: 0,
    lastPinTimestamp: null,
    guild: Guild {
      members: [GuildMemberManager],
      channels: [GuildChannelManager],
      roles: [RoleManager],
      presences: [PresenceManager],
      voiceStates: [VoiceStateManager],
      deleted: false,
      available: true,
      id: '704218896298934317',
      shardID: 0,
      name: 'negativity',
      icon: '08bd9d3cf01f39326453cd8511060442',
      splash: null,
      region: 'us-west',
      memberCount: 9,
      large: false,
      features: [],
      applicationID: null,
      afkTimeout: 300,
      afkChannelID: null,
      systemChannelID: '704218896785211462',
      embedEnabled: undefined,
      premiumTier: 0,
      premiumSubscriptionCount: 0,
      verificationLevel: 'NONE',
      explicitContentFilter: 'DISABLED',
      mfaLevel: 0,
      joinedTimestamp: 1591772000048,
      defaultMessageNotifications: 'ALL',
      systemChannelFlags: [SystemChannelFlags],
      vanityURLCode: null,
      description: null,
      banner: null,
      rulesChannelID: null,
      publicUpdatesChannelID: null,
      ownerID: '275443748136157185',
      emojis: [GuildEmojiManager]
    },
    messages: MessageManager {
      cacheType: [Function: LimitedCollection],
      cache: [LimitedCollection [Map]],
      channel: [Circular *5]
    },
    _typing: Map(0) {}
  },
  '704880423968309308' => VoiceChannel {
    type: 'voice',
    deleted: false,
    id: '704880423968309308',
    name: 'Movie Night',
    rawPosition: 2,
    parentID: '704218896298934321',
    permissionOverwrites: Collection(2) [Map] {
      '704218896298934317' => [PermissionOverwrites],
      '704221839748235264' => [PermissionOverwrites]
    },
    bitrate: 64000,
    userLimit: 0,
    guild: Guild {
      members: [GuildMemberManager],
      channels: [GuildChannelManager],
      roles: [RoleManager],
      presences: [PresenceManager],
      voiceStates: [VoiceStateManager],
      deleted: false,
      available: true,
      id: '704218896298934317',
      shardID: 0,
      name: 'negativity',
      icon: '08bd9d3cf01f39326453cd8511060442',
      splash: null,
      region: 'us-west',
      memberCount: 9,
      large: false,
      features: [],
      applicationID: null,
      afkTimeout: 300,
      afkChannelID: null,
      systemChannelID: '704218896785211462',
      embedEnabled: undefined,
      premiumTier: 0,
      premiumSubscriptionCount: 0,
      verificationLevel: 'NONE',
      explicitContentFilter: 'DISABLED',
      mfaLevel: 0,
      joinedTimestamp: 1591772000048,
      defaultMessageNotifications: 'ALL',
      systemChannelFlags: [SystemChannelFlags],
      vanityURLCode: null,
      description: null,
      banner: null,
      rulesChannelID: null,
      publicUpdatesChannelID: null,
      ownerID: '275443748136157185',
      emojis: [GuildEmojiManager]
    }
  },
  '704884580406132837' => CategoryChannel {
    type: 'category',
    deleted: false,
    id: '704884580406132837',
    name: 'Reed',
    rawPosition: 0,
    parentID: null,
    permissionOverwrites: Collection(0) [Map] {},
    guild: Guild {
      members: [GuildMemberManager],
      channels: [GuildChannelManager],
      roles: [RoleManager],
      presences: [PresenceManager],
      voiceStates: [VoiceStateManager],
      deleted: false,
      available: true,
      id: '704218896298934317',
      shardID: 0,
      name: 'negativity',
      icon: '08bd9d3cf01f39326453cd8511060442',
      splash: null,
      region: 'us-west',
      memberCount: 9,
      large: false,
      features: [],
      applicationID: null,
      afkTimeout: 300,
      afkChannelID: null,
      systemChannelID: '704218896785211462',
      embedEnabled: undefined,
      premiumTier: 0,
      premiumSubscriptionCount: 0,
      verificationLevel: 'NONE',
      explicitContentFilter: 'DISABLED',
      mfaLevel: 0,
      joinedTimestamp: 1591772000048,
      defaultMessageNotifications: 'ALL',
      systemChannelFlags: [SystemChannelFlags],
      vanityURLCode: null,
      description: null,
      banner: null,
      rulesChannelID: null,
      publicUpdatesChannelID: null,
      ownerID: '275443748136157185',
      emojis: [GuildEmojiManager]
    }
  },
  '704884816486727681' => <ref *6> TextChannel {
    type: 'text',
    deleted: false,
    id: '704884816486727681',
    name: 'whelcom',
    rawPosition: 6,
    parentID: '704884580406132837',
    permissionOverwrites: Collection(3) [Map] {
      '704218896298934317' => [PermissionOverwrites],
      '704221839748235264' => [PermissionOverwrites],
      '704237075607584848' => [PermissionOverwrites]
    },
    topic: 'What am I doing here?',
    nsfw: false,
    lastMessageID: '704932947173703711',
    rateLimitPerUser: 0,
    lastPinTimestamp: null,
    guild: Guild {
      members: [GuildMemberManager],
      channels: [GuildChannelManager],
      roles: [RoleManager],
      presences: [PresenceManager],
      voiceStates: [VoiceStateManager],
      deleted: false,
      available: true,
      id: '704218896298934317',
      shardID: 0,
      name: 'negativity',
      icon: '08bd9d3cf01f39326453cd8511060442',
      splash: null,
      region: 'us-west',
      memberCount: 9,
      large: false,
      features: [],
      applicationID: null,
      afkTimeout: 300,
      afkChannelID: null,
      systemChannelID: '704218896785211462',
      embedEnabled: undefined,
      premiumTier: 0,
      premiumSubscriptionCount: 0,
      verificationLevel: 'NONE',
      explicitContentFilter: 'DISABLED',
      mfaLevel: 0,
      joinedTimestamp: 1591772000048,
      defaultMessageNotifications: 'ALL',
      systemChannelFlags: [SystemChannelFlags],
      vanityURLCode: null,
      description: null,
      banner: null,
      rulesChannelID: null,
      publicUpdatesChannelID: null,
      ownerID: '275443748136157185',
      emojis: [GuildEmojiManager]
    },
    messages: MessageManager {
      cacheType: [Function: LimitedCollection],
      cache: [LimitedCollection [Map]],
      channel: [Circular *6]
    },
    _typing: Map(0) {}
  },
  '704885082124714034' => <ref *7> TextChannel {
    type: 'text',
    deleted: false,
    id: '704885082124714034',
    name: 'announcements',
    rawPosition: 8,
    parentID: '704884580406132837',
    permissionOverwrites: Collection(0) [Map] {},
    topic: null,
    nsfw: false,
    lastMessageID: '708555326965809202',
    rateLimitPerUser: 0,
    lastPinTimestamp: null,
    guild: Guild {
      members: [GuildMemberManager],
      channels: [GuildChannelManager],
      roles: [RoleManager],
      presences: [PresenceManager],
      voiceStates: [VoiceStateManager],
      deleted: false,
      available: true,
      id: '704218896298934317',
      shardID: 0,
      name: 'negativity',
      icon: '08bd9d3cf01f39326453cd8511060442',
      splash: null,
      region: 'us-west',
      memberCount: 9,
      large: false,
      features: [],
      applicationID: null,
      afkTimeout: 300,
      afkChannelID: null,
      systemChannelID: '704218896785211462',
      embedEnabled: undefined,
      premiumTier: 0,
      premiumSubscriptionCount: 0,
      verificationLevel: 'NONE',
      explicitContentFilter: 'DISABLED',
      mfaLevel: 0,
      joinedTimestamp: 1591772000048,
      defaultMessageNotifications: 'ALL',
      systemChannelFlags: [SystemChannelFlags],
      vanityURLCode: null,
      description: null,
      banner: null,
      rulesChannelID: null,
      publicUpdatesChannelID: null,
      ownerID: '275443748136157185',
      emojis: [GuildEmojiManager]
    },
    messages: MessageManager {
      cacheType: [Function: LimitedCollection],
      cache: [LimitedCollection [Map]],
      channel: [Circular *7]
    },
    _typing: Map(0) {}
  },
  '704887135483854858' => <ref *8> TextChannel {
    type: 'text',
    deleted: false,
    id: '704887135483854858',
    name: 'movie-text',
    rawPosition: 9,
    parentID: '704218896298934321',
    permissionOverwrites: Collection(2) [Map] {
      '704218896298934317' => [PermissionOverwrites],
      '704221839748235264' => [PermissionOverwrites]
    },
    topic: '',
    nsfw: false,
    lastMessageID: '708626378186162177',
    rateLimitPerUser: 0,
    lastPinTimestamp: null,
    guild: Guild {
      members: [GuildMemberManager],
      channels: [GuildChannelManager],
      roles: [RoleManager],
      presences: [PresenceManager],
      voiceStates: [VoiceStateManager],
      deleted: false,
      available: true,
      id: '704218896298934317',
      shardID: 0,
      name: 'negativity',
      icon: '08bd9d3cf01f39326453cd8511060442',
      splash: null,
      region: 'us-west',
      memberCount: 9,
      large: false,
      features: [],
      applicationID: null,
      afkTimeout: 300,
      afkChannelID: null,
      systemChannelID: '704218896785211462',
      embedEnabled: undefined,
      premiumTier: 0,
      premiumSubscriptionCount: 0,
      verificationLevel: 'NONE',
      explicitContentFilter: 'DISABLED',
      mfaLevel: 0,
      joinedTimestamp: 1591772000048,
      defaultMessageNotifications: 'ALL',
      systemChannelFlags: [SystemChannelFlags],
      vanityURLCode: null,
      description: null,
      banner: null,
      rulesChannelID: null,
      publicUpdatesChannelID: null,
      ownerID: '275443748136157185',
      emojis: [GuildEmojiManager]
    },
    messages: MessageManager {
      cacheType: [Function: LimitedCollection],
      cache: [LimitedCollection [Map]],
      channel: [Circular *8]
    },
    _typing: Map(0) {}
  },
  '705220320155664416' => <ref *9> TextChannel {
    type: 'text',
    deleted: false,
    id: '705220320155664416',
    name: 'vote',
    rawPosition: 10,
    parentID: '704884580406132837',
    permissionOverwrites: Collection(3) [Map] {
      '704218896298934317' => [PermissionOverwrites],
      '704221839748235264' => [PermissionOverwrites],
      '704237075607584848' => [PermissionOverwrites]
    },
    topic: null,
    nsfw: false,
    lastMessageID: null,
    rateLimitPerUser: 0,
    lastPinTimestamp: null,
    guild: Guild {
      members: [GuildMemberManager],
      channels: [GuildChannelManager],
      roles: [RoleManager],
      presences: [PresenceManager],
      voiceStates: [VoiceStateManager],
      deleted: false,
      available: true,
      id: '704218896298934317',
      shardID: 0,
      name: 'negativity',
      icon: '08bd9d3cf01f39326453cd8511060442',
      splash: null,
      region: 'us-west',
      memberCount: 9,
      large: false,
      features: [],
      applicationID: null,
      afkTimeout: 300,
      afkChannelID: null,
      systemChannelID: '704218896785211462',
      embedEnabled: undefined,
      premiumTier: 0,
      premiumSubscriptionCount: 0,
      verificationLevel: 'NONE',
      explicitContentFilter: 'DISABLED',
      mfaLevel: 0,
      joinedTimestamp: 1591772000048,
      defaultMessageNotifications: 'ALL',
      systemChannelFlags: [SystemChannelFlags],
      vanityURLCode: null,
      description: null,
      banner: null,
      rulesChannelID: null,
      publicUpdatesChannelID: null,
      ownerID: '275443748136157185',
      emojis: [GuildEmojiManager]
    },
    messages: MessageManager {
      cacheType: [Function: LimitedCollection],
      cache: [LimitedCollection [Map]],
      channel: [Circular *9]
    },
    _typing: Map(0) {}
  },
  '720018214448398346' => <ref *10> TextChannel {
    type: 'text',
    deleted: false,
    id: '720018214448398346',
    name: 'technolog',
    rawPosition: 11,
    parentID: '704218896298934319',
    permissionOverwrites: Collection(3) [Map] {
      '704218896298934317' => [PermissionOverwrites],
      '704221839748235264' => [PermissionOverwrites],
      '705220742127681617' => [PermissionOverwrites]
    },
    topic: null,
    nsfw: false,
    lastMessageID: '720226558819827804',
    rateLimitPerUser: 0,
    lastPinTimestamp: null,
    guild: Guild {
      members: [GuildMemberManager],
      channels: [GuildChannelManager],
      roles: [RoleManager],
      presences: [PresenceManager],
      voiceStates: [VoiceStateManager],
      deleted: false,
      available: true,
      id: '704218896298934317',
      shardID: 0,
      name: 'negativity',
      icon: '08bd9d3cf01f39326453cd8511060442',
      splash: null,
      region: 'us-west',
      memberCount: 9,
      large: false,
      features: [],
      applicationID: null,
      afkTimeout: 300,
      afkChannelID: null,
      systemChannelID: '704218896785211462',
      embedEnabled: undefined,
      premiumTier: 0,
      premiumSubscriptionCount: 0,
      verificationLevel: 'NONE',
      explicitContentFilter: 'DISABLED',
      mfaLevel: 0,
      joinedTimestamp: 1591772000048,
      defaultMessageNotifications: 'ALL',
      systemChannelFlags: [SystemChannelFlags],
      vanityURLCode: null,
      description: null,
      banner: null,
      rulesChannelID: null,
      publicUpdatesChannelID: null,
      ownerID: '275443748136157185',
      emojis: [GuildEmojiManager]
    },
    messages: MessageManager {
      cacheType: [Function: LimitedCollection],
      cache: [LimitedCollection [Map]],
      channel: [Circular *10]
    },
    _typing: Map(0) {}
  }
}
3
Sent 'And we're back!' in negativity
Sent 'Bye bye for now!' in negativity
Sent 'Bye bye for now!' in negativity
login attmp
resetart
login attmp
Logged in as BetaBot#3863!
And we're back! 720018214448398346 704218896298934317
1
2
<ref *2> TextChannel {
  type: 'text',
  deleted: false,
  id: '720018214448398346',
  name: 'technolog',
  rawPosition: 11,
  parentID: '704218896298934319',
  permissionOverwrites: Collection(3) [Map] {
    '704218896298934317' => PermissionOverwrites {
      id: '704218896298934317',
      type: 'role',
      deny: [Permissions],
      allow: [Permissions]
    },
    '704221839748235264' => PermissionOverwrites {
      id: '704221839748235264',
      type: 'role',
      deny: [Permissions],
      allow: [Permissions]
    },
    '705220742127681617' => PermissionOverwrites {
      id: '705220742127681617',
      type: 'role',
      deny: [Permissions],
      allow: [Permissions]
    }
  },
  topic: null,
  nsfw: false,
  lastMessageID: '720227852011962368',
  rateLimitPerUser: 0,
  lastPinTimestamp: null,
  guild: <ref *1> Guild {
    members: GuildMemberManager {
      cacheType: [Function: Collection],
      cache: [Collection [Map]],
      guild: [Circular *1]
    },
    channels: GuildChannelManager {
      cacheType: [Function: Collection],
      cache: [Collection [Map]],
      guild: [Circular *1]
    },
    roles: RoleManager {
      cacheType: [Function: Collection],
      cache: [Collection [Map]],
      guild: [Circular *1]
    },
    presences: PresenceManager {
      cacheType: [Function: Collection],
      cache: [Collection [Map]]
    },
    voiceStates: VoiceStateManager {
      cacheType: [Function: Collection],
      cache: Collection(0) [Map] {},
      guild: [Circular *1]
    },
    deleted: false,
    available: true,
    id: '704218896298934317',
    shardID: 0,
    name: 'negativity',
    icon: '08bd9d3cf01f39326453cd8511060442',
    splash: null,
    region: 'us-west',
    memberCount: 9,
    large: false,
    features: [],
    applicationID: null,
    afkTimeout: 300,
    afkChannelID: null,
    systemChannelID: '704218896785211462',
    embedEnabled: undefined,
    premiumTier: 0,
    premiumSubscriptionCount: 0,
    verificationLevel: 'NONE',
    explicitContentFilter: 'DISABLED',
    mfaLevel: 0,
    joinedTimestamp: 1591772000048,
    defaultMessageNotifications: 'ALL',
    systemChannelFlags: SystemChannelFlags { bitfield: 0 },
    vanityURLCode: null,
    description: null,
    banner: null,
    rulesChannelID: null,
    publicUpdatesChannelID: null,
    ownerID: '275443748136157185',
    emojis: GuildEmojiManager {
      cacheType: [Function: Collection],
      cache: [Collection [Map]],
      guild: [Circular *1]
    }
  },
  messages: MessageManager {
    cacheType: [Function: LimitedCollection],
    cache: LimitedCollection(0) [Map] { maxSize: 200 },
    channel: [Circular *2]
  },
  _typing: Map(0) {}
} Collection(15) [Map] {
  '704218896298934319' => CategoryChannel {
    type: 'category',
    deleted: false,
    id: '704218896298934319',
    name: 'Tauhk',
    rawPosition: 1,
    parentID: null,
    permissionOverwrites: Collection(0) [Map] {},
    guild: Guild {
      members: [GuildMemberManager],
      channels: [GuildChannelManager],
      roles: [RoleManager],
      presences: [PresenceManager],
      voiceStates: [VoiceStateManager],
      deleted: false,
      available: true,
      id: '704218896298934317',
      shardID: 0,
      name: 'negativity',
      icon: '08bd9d3cf01f39326453cd8511060442',
      splash: null,
      region: 'us-west',
      memberCount: 9,
      large: false,
      features: [],
      applicationID: null,
      afkTimeout: 300,
      afkChannelID: null,
      systemChannelID: '704218896785211462',
      embedEnabled: undefined,
      premiumTier: 0,
      premiumSubscriptionCount: 0,
      verificationLevel: 'NONE',
      explicitContentFilter: 'DISABLED',
      mfaLevel: 0,
      joinedTimestamp: 1591772000048,
      defaultMessageNotifications: 'ALL',
      systemChannelFlags: [SystemChannelFlags],
      vanityURLCode: null,
      description: null,
      banner: null,
      rulesChannelID: null,
      publicUpdatesChannelID: null,
      ownerID: '275443748136157185',
      emojis: [GuildEmojiManager]
    }
  },
  '704218896298934321' => CategoryChannel {
    type: 'category',
    deleted: false,
    id: '704218896298934321',
    name: 'Speek',
    rawPosition: 2,
    parentID: null,
    permissionOverwrites: Collection(0) [Map] {},
    guild: Guild {
      members: [GuildMemberManager],
      channels: [GuildChannelManager],
      roles: [RoleManager],
      presences: [PresenceManager],
      voiceStates: [VoiceStateManager],
      deleted: false,
      available: true,
      id: '704218896298934317',
      shardID: 0,
      name: 'negativity',
      icon: '08bd9d3cf01f39326453cd8511060442',
      splash: null,
      region: 'us-west',
      memberCount: 9,
      large: false,
      features: [],
      applicationID: null,
      afkTimeout: 300,
      afkChannelID: null,
      systemChannelID: '704218896785211462',
      embedEnabled: undefined,
      premiumTier: 0,
      premiumSubscriptionCount: 0,
      verificationLevel: 'NONE',
      explicitContentFilter: 'DISABLED',
      mfaLevel: 0,
      joinedTimestamp: 1591772000048,
      defaultMessageNotifications: 'ALL',
      systemChannelFlags: [SystemChannelFlags],
      vanityURLCode: null,
      description: null,
      banner: null,
      rulesChannelID: null,
      publicUpdatesChannelID: null,
      ownerID: '275443748136157185',
      emojis: [GuildEmojiManager]
    }
  },
  '704218896785211462' => <ref *1> TextChannel {
    type: 'text',
    deleted: false,
    id: '704218896785211462',
    name: 'general',
    rawPosition: 0,
    parentID: '704218896298934319',
    permissionOverwrites: Collection(0) [Map] {},
    topic: null,
    nsfw: undefined,
    lastMessageID: '720168709943197726',
    rateLimitPerUser: 0,
    lastPinTimestamp: null,
    guild: Guild {
      members: [GuildMemberManager],
      channels: [GuildChannelManager],
      roles: [RoleManager],
      presences: [PresenceManager],
      voiceStates: [VoiceStateManager],
      deleted: false,
      available: true,
      id: '704218896298934317',
      shardID: 0,
      name: 'negativity',
      icon: '08bd9d3cf01f39326453cd8511060442',
      splash: null,
      region: 'us-west',
      memberCount: 9,
      large: false,
      features: [],
      applicationID: null,
      afkTimeout: 300,
      afkChannelID: null,
      systemChannelID: '704218896785211462',
      embedEnabled: undefined,
      premiumTier: 0,
      premiumSubscriptionCount: 0,
      verificationLevel: 'NONE',
      explicitContentFilter: 'DISABLED',
      mfaLevel: 0,
      joinedTimestamp: 1591772000048,
      defaultMessageNotifications: 'ALL',
      systemChannelFlags: [SystemChannelFlags],
      vanityURLCode: null,
      description: null,
      banner: null,
      rulesChannelID: null,
      publicUpdatesChannelID: null,
      ownerID: '275443748136157185',
      emojis: [GuildEmojiManager]
    },
    messages: MessageManager {
      cacheType: [Function: LimitedCollection],
      cache: [LimitedCollection [Map]],
      channel: [Circular *1]
    },
    _typing: Map(0) {}
  },
  '704218896785211463' => VoiceChannel {
    type: 'voice',
    deleted: false,
    id: '704218896785211463',
    name: 'Feathered Maroon Bois',
    rawPosition: 1,
    parentID: '704218896298934321',
    permissionOverwrites: Collection(2) [Map] {
      '704218896298934317' => [PermissionOverwrites],
      '704221839748235264' => [PermissionOverwrites]
    },
    bitrate: 64000,
    userLimit: 0,
    guild: Guild {
      members: [GuildMemberManager],
      channels: [GuildChannelManager],
      roles: [RoleManager],
      presences: [PresenceManager],
      voiceStates: [VoiceStateManager],
      deleted: false,
      available: true,
      id: '704218896298934317',
      shardID: 0,
      name: 'negativity',
      icon: '08bd9d3cf01f39326453cd8511060442',
      splash: null,
      region: 'us-west',
      memberCount: 9,
      large: false,
      features: [],
      applicationID: null,
      afkTimeout: 300,
      afkChannelID: null,
      systemChannelID: '704218896785211462',
      embedEnabled: undefined,
      premiumTier: 0,
      premiumSubscriptionCount: 0,
      verificationLevel: 'NONE',
      explicitContentFilter: 'DISABLED',
      mfaLevel: 0,
      joinedTimestamp: 1591772000048,
      defaultMessageNotifications: 'ALL',
      systemChannelFlags: [SystemChannelFlags],
      vanityURLCode: null,
      description: null,
      banner: null,
      rulesChannelID: null,
      publicUpdatesChannelID: null,
      ownerID: '275443748136157185',
      emojis: [GuildEmojiManager]
    }
  },
  '704222180296097866' => <ref *2> TextChannel {
    type: 'text',
    deleted: false,
    id: '704222180296097866',
    name: 'nerds',
    rawPosition: 1,
    parentID: '704218896298934319',
    permissionOverwrites: Collection(2) [Map] {
      '704218896298934317' => [PermissionOverwrites],
      '704221839748235264' => [PermissionOverwrites]
    },
    topic: 'the people who go to the school',
    nsfw: undefined,
    lastMessageID: '713220535840145488',
    rateLimitPerUser: 0,
    lastPinTimestamp: null,
    guild: Guild {
      members: [GuildMemberManager],
      channels: [GuildChannelManager],
      roles: [RoleManager],
      presences: [PresenceManager],
      voiceStates: [VoiceStateManager],
      deleted: false,
      available: true,
      id: '704218896298934317',
      shardID: 0,
      name: 'negativity',
      icon: '08bd9d3cf01f39326453cd8511060442',
      splash: null,
      region: 'us-west',
      memberCount: 9,
      large: false,
      features: [],
      applicationID: null,
      afkTimeout: 300,
      afkChannelID: null,
      systemChannelID: '704218896785211462',
      embedEnabled: undefined,
      premiumTier: 0,
      premiumSubscriptionCount: 0,
      verificationLevel: 'NONE',
      explicitContentFilter: 'DISABLED',
      mfaLevel: 0,
      joinedTimestamp: 1591772000048,
      defaultMessageNotifications: 'ALL',
      systemChannelFlags: [SystemChannelFlags],
      vanityURLCode: null,
      description: null,
      banner: null,
      rulesChannelID: null,
      publicUpdatesChannelID: null,
      ownerID: '275443748136157185',
      emojis: [GuildEmojiManager]
    },
    messages: MessageManager {
      cacheType: [Function: LimitedCollection],
      cache: [LimitedCollection [Map]],
      channel: [Circular *2]
    },
    _typing: Map(0) {}
  },
  '704222378087022622' => <ref *3> TextChannel {
    type: 'text',
    deleted: false,
    id: '704222378087022622',
    name: 'mmes',
    rawPosition: 2,
    parentID: '704218896298934319',
    permissionOverwrites: Collection(2) [Map] {
      '704218896298934317' => [PermissionOverwrites],
      '704221839748235264' => [PermissionOverwrites]
    },
    topic: 'fresh and spicy only',
    nsfw: undefined,
    lastMessageID: '710025672591933461',
    rateLimitPerUser: 0,
    lastPinTimestamp: 1587974642454,
    guild: Guild {
      members: [GuildMemberManager],
      channels: [GuildChannelManager],
      roles: [RoleManager],
      presences: [PresenceManager],
      voiceStates: [VoiceStateManager],
      deleted: false,
      available: true,
      id: '704218896298934317',
      shardID: 0,
      name: 'negativity',
      icon: '08bd9d3cf01f39326453cd8511060442',
      splash: null,
      region: 'us-west',
      memberCount: 9,
      large: false,
      features: [],
      applicationID: null,
      afkTimeout: 300,
      afkChannelID: null,
      systemChannelID: '704218896785211462',
      embedEnabled: undefined,
      premiumTier: 0,
      premiumSubscriptionCount: 0,
      verificationLevel: 'NONE',
      explicitContentFilter: 'DISABLED',
      mfaLevel: 0,
      joinedTimestamp: 1591772000048,
      defaultMessageNotifications: 'ALL',
      systemChannelFlags: [SystemChannelFlags],
      vanityURLCode: null,
      description: null,
      banner: null,
      rulesChannelID: null,
      publicUpdatesChannelID: null,
      ownerID: '275443748136157185',
      emojis: [GuildEmojiManager]
    },
    messages: MessageManager {
      cacheType: [Function: LimitedCollection],
      cache: [LimitedCollection [Map]],
      channel: [Circular *3]
    },
    _typing: Map(0) {}
  },
  '704226269058957333' => <ref *4> TextChannel {
    type: 'text',
    deleted: false,
    id: '704226269058957333',
    name: 'gamers',
    rawPosition: 3,
    parentID: '704218896298934319',
    permissionOverwrites: Collection(3) [Map] {
      '704218896298934317' => [PermissionOverwrites],
      '704221839748235264' => [PermissionOverwrites],
      '704236128282214422' => [PermissionOverwrites]
    },
    topic: null,
    nsfw: undefined,
    lastMessageID: '717128144322166824',
    rateLimitPerUser: 0,
    lastPinTimestamp: null,
    guild: Guild {
      members: [GuildMemberManager],
      channels: [GuildChannelManager],
      roles: [RoleManager],
      presences: [PresenceManager],
      voiceStates: [VoiceStateManager],
      deleted: false,
      available: true,
      id: '704218896298934317',
      shardID: 0,
      name: 'negativity',
      icon: '08bd9d3cf01f39326453cd8511060442',
      splash: null,
      region: 'us-west',
      memberCount: 9,
      large: false,
      features: [],
      applicationID: null,
      afkTimeout: 300,
      afkChannelID: null,
      systemChannelID: '704218896785211462',
      embedEnabled: undefined,
      premiumTier: 0,
      premiumSubscriptionCount: 0,
      verificationLevel: 'NONE',
      explicitContentFilter: 'DISABLED',
      mfaLevel: 0,
      joinedTimestamp: 1591772000048,
      defaultMessageNotifications: 'ALL',
      systemChannelFlags: [SystemChannelFlags],
      vanityURLCode: null,
      description: null,
      banner: null,
      rulesChannelID: null,
      publicUpdatesChannelID: null,
      ownerID: '275443748136157185',
      emojis: [GuildEmojiManager]
    },
    messages: MessageManager {
      cacheType: [Function: LimitedCollection],
      cache: [LimitedCollection [Map]],
      channel: [Circular *4]
    },
    _typing: Map(0) {}
  },
  '704571395450994708' => <ref *5> TextChannel {
    type: 'text',
    deleted: false,
    id: '704571395450994708',
    name: 'bird-text',
    rawPosition: 5,
    parentID: '704218896298934321',
    permissionOverwrites: Collection(2) [Map] {
      '704218896298934317' => [PermissionOverwrites],
      '704221839748235264' => [PermissionOverwrites]
    },
    topic: 'For messages while on call',
    nsfw: false,
    lastMessageID: '713623216240853063',
    rateLimitPerUser: 0,
    lastPinTimestamp: null,
    guild: Guild {
      members: [GuildMemberManager],
      channels: [GuildChannelManager],
      roles: [RoleManager],
      presences: [PresenceManager],
      voiceStates: [VoiceStateManager],
      deleted: false,
      available: true,
      id: '704218896298934317',
      shardID: 0,
      name: 'negativity',
      icon: '08bd9d3cf01f39326453cd8511060442',
      splash: null,
      region: 'us-west',
      memberCount: 9,
      large: false,
      features: [],
      applicationID: null,
      afkTimeout: 300,
      afkChannelID: null,
      systemChannelID: '704218896785211462',
      embedEnabled: undefined,
      premiumTier: 0,
      premiumSubscriptionCount: 0,
      verificationLevel: 'NONE',
      explicitContentFilter: 'DISABLED',
      mfaLevel: 0,
      joinedTimestamp: 1591772000048,
      defaultMessageNotifications: 'ALL',
      systemChannelFlags: [SystemChannelFlags],
      vanityURLCode: null,
      description: null,
      banner: null,
      rulesChannelID: null,
      publicUpdatesChannelID: null,
      ownerID: '275443748136157185',
      emojis: [GuildEmojiManager]
    },
    messages: MessageManager {
      cacheType: [Function: LimitedCollection],
      cache: [LimitedCollection [Map]],
      channel: [Circular *5]
    },
    _typing: Map(0) {}
  },
  '704880423968309308' => VoiceChannel {
    type: 'voice',
    deleted: false,
    id: '704880423968309308',
    name: 'Movie Night',
    rawPosition: 2,
    parentID: '704218896298934321',
    permissionOverwrites: Collection(2) [Map] {
      '704218896298934317' => [PermissionOverwrites],
      '704221839748235264' => [PermissionOverwrites]
    },
    bitrate: 64000,
    userLimit: 0,
    guild: Guild {
      members: [GuildMemberManager],
      channels: [GuildChannelManager],
      roles: [RoleManager],
      presences: [PresenceManager],
      voiceStates: [VoiceStateManager],
      deleted: false,
      available: true,
      id: '704218896298934317',
      shardID: 0,
      name: 'negativity',
      icon: '08bd9d3cf01f39326453cd8511060442',
      splash: null,
      region: 'us-west',
      memberCount: 9,
      large: false,
      features: [],
      applicationID: null,
      afkTimeout: 300,
      afkChannelID: null,
      systemChannelID: '704218896785211462',
      embedEnabled: undefined,
      premiumTier: 0,
      premiumSubscriptionCount: 0,
      verificationLevel: 'NONE',
      explicitContentFilter: 'DISABLED',
      mfaLevel: 0,
      joinedTimestamp: 1591772000048,
      defaultMessageNotifications: 'ALL',
      systemChannelFlags: [SystemChannelFlags],
      vanityURLCode: null,
      description: null,
      banner: null,
      rulesChannelID: null,
      publicUpdatesChannelID: null,
      ownerID: '275443748136157185',
      emojis: [GuildEmojiManager]
    }
  },
  '704884580406132837' => CategoryChannel {
    type: 'category',
    deleted: false,
    id: '704884580406132837',
    name: 'Reed',
    rawPosition: 0,
    parentID: null,
    permissionOverwrites: Collection(0) [Map] {},
    guild: Guild {
      members: [GuildMemberManager],
      channels: [GuildChannelManager],
      roles: [RoleManager],
      presences: [PresenceManager],
      voiceStates: [VoiceStateManager],
      deleted: false,
      available: true,
      id: '704218896298934317',
      shardID: 0,
      name: 'negativity',
      icon: '08bd9d3cf01f39326453cd8511060442',
      splash: null,
      region: 'us-west',
      memberCount: 9,
      large: false,
      features: [],
      applicationID: null,
      afkTimeout: 300,
      afkChannelID: null,
      systemChannelID: '704218896785211462',
      embedEnabled: undefined,
      premiumTier: 0,
      premiumSubscriptionCount: 0,
      verificationLevel: 'NONE',
      explicitContentFilter: 'DISABLED',
      mfaLevel: 0,
      joinedTimestamp: 1591772000048,
      defaultMessageNotifications: 'ALL',
      systemChannelFlags: [SystemChannelFlags],
      vanityURLCode: null,
      description: null,
      banner: null,
      rulesChannelID: null,
      publicUpdatesChannelID: null,
      ownerID: '275443748136157185',
      emojis: [GuildEmojiManager]
    }
  },
  '704884816486727681' => <ref *6> TextChannel {
    type: 'text',
    deleted: false,
    id: '704884816486727681',
    name: 'whelcom',
    rawPosition: 6,
    parentID: '704884580406132837',
    permissionOverwrites: Collection(3) [Map] {
      '704218896298934317' => [PermissionOverwrites],
      '704221839748235264' => [PermissionOverwrites],
      '704237075607584848' => [PermissionOverwrites]
    },
    topic: 'What am I doing here?',
    nsfw: false,
    lastMessageID: '704932947173703711',
    rateLimitPerUser: 0,
    lastPinTimestamp: null,
    guild: Guild {
      members: [GuildMemberManager],
      channels: [GuildChannelManager],
      roles: [RoleManager],
      presences: [PresenceManager],
      voiceStates: [VoiceStateManager],
      deleted: false,
      available: true,
      id: '704218896298934317',
      shardID: 0,
      name: 'negativity',
      icon: '08bd9d3cf01f39326453cd8511060442',
      splash: null,
      region: 'us-west',
      memberCount: 9,
      large: false,
      features: [],
      applicationID: null,
      afkTimeout: 300,
      afkChannelID: null,
      systemChannelID: '704218896785211462',
      embedEnabled: undefined,
      premiumTier: 0,
      premiumSubscriptionCount: 0,
      verificationLevel: 'NONE',
      explicitContentFilter: 'DISABLED',
      mfaLevel: 0,
      joinedTimestamp: 1591772000048,
      defaultMessageNotifications: 'ALL',
      systemChannelFlags: [SystemChannelFlags],
      vanityURLCode: null,
      description: null,
      banner: null,
      rulesChannelID: null,
      publicUpdatesChannelID: null,
      ownerID: '275443748136157185',
      emojis: [GuildEmojiManager]
    },
    messages: MessageManager {
      cacheType: [Function: LimitedCollection],
      cache: [LimitedCollection [Map]],
      channel: [Circular *6]
    },
    _typing: Map(0) {}
  },
  '704885082124714034' => <ref *7> TextChannel {
    type: 'text',
    deleted: false,
    id: '704885082124714034',
    name: 'announcements',
    rawPosition: 8,
    parentID: '704884580406132837',
    permissionOverwrites: Collection(0) [Map] {},
    topic: null,
    nsfw: false,
    lastMessageID: '708555326965809202',
    rateLimitPerUser: 0,
    lastPinTimestamp: null,
    guild: Guild {
      members: [GuildMemberManager],
      channels: [GuildChannelManager],
      roles: [RoleManager],
      presences: [PresenceManager],
      voiceStates: [VoiceStateManager],
      deleted: false,
      available: true,
      id: '704218896298934317',
      shardID: 0,
      name: 'negativity',
      icon: '08bd9d3cf01f39326453cd8511060442',
      splash: null,
      region: 'us-west',
      memberCount: 9,
      large: false,
      features: [],
      applicationID: null,
      afkTimeout: 300,
      afkChannelID: null,
      systemChannelID: '704218896785211462',
      embedEnabled: undefined,
      premiumTier: 0,
      premiumSubscriptionCount: 0,
      verificationLevel: 'NONE',
      explicitContentFilter: 'DISABLED',
      mfaLevel: 0,
      joinedTimestamp: 1591772000048,
      defaultMessageNotifications: 'ALL',
      systemChannelFlags: [SystemChannelFlags],
      vanityURLCode: null,
      description: null,
      banner: null,
      rulesChannelID: null,
      publicUpdatesChannelID: null,
      ownerID: '275443748136157185',
      emojis: [GuildEmojiManager]
    },
    messages: MessageManager {
      cacheType: [Function: LimitedCollection],
      cache: [LimitedCollection [Map]],
      channel: [Circular *7]
    },
    _typing: Map(0) {}
  },
  '704887135483854858' => <ref *8> TextChannel {
    type: 'text',
    deleted: false,
    id: '704887135483854858',
    name: 'movie-text',
    rawPosition: 9,
    parentID: '704218896298934321',
    permissionOverwrites: Collection(2) [Map] {
      '704218896298934317' => [PermissionOverwrites],
      '704221839748235264' => [PermissionOverwrites]
    },
    topic: '',
    nsfw: false,
    lastMessageID: '708626378186162177',
    rateLimitPerUser: 0,
    lastPinTimestamp: null,
    guild: Guild {
      members: [GuildMemberManager],
      channels: [GuildChannelManager],
      roles: [RoleManager],
      presences: [PresenceManager],
      voiceStates: [VoiceStateManager],
      deleted: false,
      available: true,
      id: '704218896298934317',
      shardID: 0,
      name: 'negativity',
      icon: '08bd9d3cf01f39326453cd8511060442',
      splash: null,
      region: 'us-west',
      memberCount: 9,
      large: false,
      features: [],
      applicationID: null,
      afkTimeout: 300,
      afkChannelID: null,
      systemChannelID: '704218896785211462',
      embedEnabled: undefined,
      premiumTier: 0,
      premiumSubscriptionCount: 0,
      verificationLevel: 'NONE',
      explicitContentFilter: 'DISABLED',
      mfaLevel: 0,
      joinedTimestamp: 1591772000048,
      defaultMessageNotifications: 'ALL',
      systemChannelFlags: [SystemChannelFlags],
      vanityURLCode: null,
      description: null,
      banner: null,
      rulesChannelID: null,
      publicUpdatesChannelID: null,
      ownerID: '275443748136157185',
      emojis: [GuildEmojiManager]
    },
    messages: MessageManager {
      cacheType: [Function: LimitedCollection],
      cache: [LimitedCollection [Map]],
      channel: [Circular *8]
    },
    _typing: Map(0) {}
  },
  '705220320155664416' => <ref *9> TextChannel {
    type: 'text',
    deleted: false,
    id: '705220320155664416',
    name: 'vote',
    rawPosition: 10,
    parentID: '704884580406132837',
    permissionOverwrites: Collection(3) [Map] {
      '704218896298934317' => [PermissionOverwrites],
      '704221839748235264' => [PermissionOverwrites],
      '704237075607584848' => [PermissionOverwrites]
    },
    topic: null,
    nsfw: false,
    lastMessageID: null,
    rateLimitPerUser: 0,
    lastPinTimestamp: null,
    guild: Guild {
      members: [GuildMemberManager],
      channels: [GuildChannelManager],
      roles: [RoleManager],
      presences: [PresenceManager],
      voiceStates: [VoiceStateManager],
      deleted: false,
      available: true,
      id: '704218896298934317',
      shardID: 0,
      name: 'negativity',
      icon: '08bd9d3cf01f39326453cd8511060442',
      splash: null,
      region: 'us-west',
      memberCount: 9,
      large: false,
      features: [],
      applicationID: null,
      afkTimeout: 300,
      afkChannelID: null,
      systemChannelID: '704218896785211462',
      embedEnabled: undefined,
      premiumTier: 0,
      premiumSubscriptionCount: 0,
      verificationLevel: 'NONE',
      explicitContentFilter: 'DISABLED',
      mfaLevel: 0,
      joinedTimestamp: 1591772000048,
      defaultMessageNotifications: 'ALL',
      systemChannelFlags: [SystemChannelFlags],
      vanityURLCode: null,
      description: null,
      banner: null,
      rulesChannelID: null,
      publicUpdatesChannelID: null,
      ownerID: '275443748136157185',
      emojis: [GuildEmojiManager]
    },
    messages: MessageManager {
      cacheType: [Function: LimitedCollection],
      cache: [LimitedCollection [Map]],
      channel: [Circular *9]
    },
    _typing: Map(0) {}
  },
  '720018214448398346' => <ref *10> TextChannel {
    type: 'text',
    deleted: false,
    id: '720018214448398346',
    name: 'technolog',
    rawPosition: 11,
    parentID: '704218896298934319',
    permissionOverwrites: Collection(3) [Map] {
      '704218896298934317' => [PermissionOverwrites],
      '704221839748235264' => [PermissionOverwrites],
      '705220742127681617' => [PermissionOverwrites]
    },
    topic: null,
    nsfw: false,
    lastMessageID: '720227852011962368',
    rateLimitPerUser: 0,
    lastPinTimestamp: null,
    guild: Guild {
      members: [GuildMemberManager],
      channels: [GuildChannelManager],
      roles: [RoleManager],
      presences: [PresenceManager],
      voiceStates: [VoiceStateManager],
      deleted: false,
      available: true,
      id: '704218896298934317',
      shardID: 0,
      name: 'negativity',
      icon: '08bd9d3cf01f39326453cd8511060442',
      splash: null,
      region: 'us-west',
      memberCount: 9,
      large: false,
      features: [],
      applicationID: null,
      afkTimeout: 300,
      afkChannelID: null,
      systemChannelID: '704218896785211462',
      embedEnabled: undefined,
      premiumTier: 0,
      premiumSubscriptionCount: 0,
      verificationLevel: 'NONE',
      explicitContentFilter: 'DISABLED',
      mfaLevel: 0,
      joinedTimestamp: 1591772000048,
      defaultMessageNotifications: 'ALL',
      systemChannelFlags: [SystemChannelFlags],
      vanityURLCode: null,
      description: null,
      banner: null,
      rulesChannelID: null,
      publicUpdatesChannelID: null,
      ownerID: '275443748136157185',
      emojis: [GuildEmojiManager]
    },
    messages: MessageManager {
      cacheType: [Function: LimitedCollection],
      cache: [LimitedCollection [Map]],
      channel: [Circular *10]
    },
    _typing: Map(0) {}
  }
}
3
Sent 'And we're back!' in negativity
Sent 'zzz' in negativity
Sent '\*yawn\*' in negativity
Sent ' Bot Dev 1.0
Created by <@275443748136157185>
with some inspiration from We4therman' in negativity
Sent 'zzz' in negativity
Sent '\*yawn\*' in negativity
Sent 'zzz' in negativity
